Arguments: 
  C:\Program Files\nodejs\node.exe C:\Program Files\nodejs\node_modules\yarn\bin\yarn.js add -D typescript

PATH: 
  C:\Program Files\AdoptOpenJDK\jre-13.0.1.9-hotspot\bin;C:\Program Files (x86)\Common Files\Oracle\Java\javapath;C:\Program Files (x86)\Intel\Intel(R) Management Engine Components\iCLS\;C:\Program Files\Intel\Intel(R) Management Engine Components\iCLS\;C:\WINDOWS\system32;C:\WINDOWS;C:\WINDOWS\System32\Wbem;C:\WINDOWS\System32\WindowsPowerShell\v1.0\;C:\WINDOWS\System32\OpenSSH\;C:\Program Files (x86)\Intel\Intel(R) Management Engine Components\DAL;C:\Program Files\Intel\Intel(R) Management Engine Components\DAL;C:\Program Files (x86)\Intel\Intel(R) Management Engine Components\IPT;C:\Program Files\Intel\Intel(R) Management Engine Components\IPT;C:\Program Files\Git\cmd;C:\Users\shavyg2\AppData\Roaming\nvm;C:\Program Files\nodejs;C:\Program Files\Intel\WiFi\bin\;C:\Program Files\Common Files\Intel\WirelessCommon\;C:\Program Files\Amazon\AWSCLI\bin\;C:\Program Files\dotnet\;C:\Program Files\Microsoft SQL Server\130\Tools\Binn\;C:\Program Files\Microsoft SQL Server\Client SDK\ODBC\170\Tools\Binn\;C:\Program Files (x86)\Microsoft SQL Server\150\DTS\Binn\;C:\Users\shavyg2\AppData\Local\Microsoft\WindowsApps;C:\Users\shavyg2\AppData\Roaming\nvm;C:\Program Files\nodejs;C:\Users\shavyg2\AppData\Local\Programs\Microsoft VS Code\bin;C:\bin\flutter\bin;C:\ProgramData\chocoportable\bin;C:\tools\dart-sdk\bin;C:\Users\shavyg2\AppData\Roaming\Pub\Cache\bin;C:\bin;C:\Program Files (x86)\Graphviz2.38\bin;;C:\Program Files\Docker Toolbox;C:\Program Files\Docker Toolbox;C:\Users\shavyg2\.dotnet\tools

Yarn version: 
  1.21.0

Node version: 
  12.8.1

Platform: 
  win32 x64

Trace: 
  SyntaxError: C:\Users\shavyg2\dev\slick\react-form-state\package.json: Unexpected token } in JSON at position 370
      at JSON.parse (<anonymous>)
      at C:\Users\shavyg2\AppData\Roaming\nvm\v12.8.1\node_modules\yarn\lib\cli.js:1625:59
      at Generator.next (<anonymous>)
      at step (C:\Users\shavyg2\AppData\Roaming\nvm\v12.8.1\node_modules\yarn\lib\cli.js:304:30)
      at C:\Users\shavyg2\AppData\Roaming\nvm\v12.8.1\node_modules\yarn\lib\cli.js:315:13

npm manifest: 
  {
    "name": "@slick-for/react-state",
    "version": "1.0.0",
    "description": "Render React state with ease",
    "main": "index.js",
    "scripts": {
      "test": "echo \"Error: no test specified\" && exit 1"
    },
    "keywords": [],
    "author": "",
    "license": "ISC",
    "peerDependencies": {
      "react": "^16.12.0"
    },
    "dependencies": {
      "@types/react": "^16.9.22",
    }
  }

yarn manifest: 
  No manifest

Lockfile: 
  # THIS IS AN AUTOGENERATED FILE. DO NOT EDIT THIS FILE DIRECTLY.
  # yarn lockfile v1
  
  
  "@types/prop-types@*":
    version "15.7.3"
    resolved "https://registry.yarnpkg.com/@types/prop-types/-/prop-types-15.7.3.tgz#2ab0d5da2e5815f94b0b9d4b95d1e5f243ab2ca7"
    integrity sha512-KfRL3PuHmqQLOG+2tGpRO26Ctg+Cq1E01D2DMriKEATHgWLfeNDmq9e29Q9WIky0dQ3NPkd1mzYH8Lm936Z9qw==
  
  "@types/react@^16.9.22":
    version "16.9.22"
    resolved "https://registry.yarnpkg.com/@types/react/-/react-16.9.22.tgz#f0288c92d94e93c4b43e3f5633edf788b2c040ae"
    integrity sha512-7OSt4EGiLvy0h5R7X+r0c7S739TCU/LvWbkNOrm10lUwNHe7XPz5OLhLOSZeCkqO9JSCly1NkYJ7ODTUqVnHJQ==
    dependencies:
      "@types/prop-types" "*"
      csstype "^2.2.0"
  
  csstype@^2.2.0:
    version "2.6.9"
    resolved "https://registry.yarnpkg.com/csstype/-/csstype-2.6.9.tgz#05141d0cd557a56b8891394c1911c40c8a98d098"
    integrity sha512-xz39Sb4+OaTsULgUERcCk+TJj8ylkL4aSVDQiX/ksxbELSqwkgt4d4RD7fovIdgJGSuNYqwZEiVjYY5l0ask+Q==
  
  typescript@^3.8.2:
    version "3.8.2"
    resolved "https://registry.yarnpkg.com/typescript/-/typescript-3.8.2.tgz#91d6868aaead7da74f493c553aeff76c0c0b1d5a"
    integrity sha512-EgOVgL/4xfVrCMbhYKUQTdF37SQn4Iw73H5BgCrF1Abdun7Kwy/QZsE/ssAy0y4LxBbvua3PIbFsbRczWWnDdQ==
